Archivo: prueba.cpp
10/26/2022 9:59:48 AM

i = 0 = 0
i 1 
j = 0 = 0
j 1 
x = x 1 + = 1

k = 0 = 0
k 1 
l = 0 = 0
l 1 
y = y 1 + = 1

Repetir ciclo for
l 1 
y = y 1 + = 2

Repetir ciclo for
k 1 
l = 0 = 0
l 1 
y = y 1 + = 2

Repetir ciclo for
j 1 
x = x 1 + = 2

k = 0 = 0
k 1 
l = 0 = 0
l 1 
y = y 1 + = 2

Repetir ciclo for
i 1 
j = 0 = 0
j 1 
x = x 1 + = 2

k = 0 = 0
k 1 
l = 0 = 0
l 1 
y = y 1 + = 2

Variables: 
area Float 0
radio Float 0
pi Float 0
resultado Float 0
a Int 0
d Int 0
altura Int 0
x Float 1
y Int 1
i Int 1
j Int 1
k Int 1
l Int 1
